2024-03-01 20:06:18,693 INFO org.springframework.boot.StartupInfoLogger [main] Starting SpringGraphqlApplication using Java 17.0.10 with PID 14620 (C:\Users\tount\IdeaProjects\spring-graphql\target\classes started by tount in C:\Users\tount\IdeaProjects\spring-graphql)
2024-03-01 20:06:18,698 DEBUG org.springframework.boot.StartupInfoLogger [main] Running with Spring Boot v3.2.2, Spring v6.1.3
2024-03-01 20:06:18,700 INFO org.springframework.boot.SpringApplication [main] No active profile set, falling back to 1 default profile: "default"
2024-03-01 20:06:31,436 INFO org.springframework.boot.StartupInfoLogger [main] Started SpringGraphqlApplication in 14.491 seconds (process running for 16.061)
2024-03-01 20:06:59,462 DEBUG com.gofar.graphql.controller.AuthorController [http-nio-9080-exec-1] Search authors with properties {email=, name=Litt Tates, nationality=Togolese}
2024-03-01 20:08:06,141 INFO org.springframework.boot.StartupInfoLogger [main] Starting SpringGraphqlApplication using Java 17.0.10 with PID 3588 (C:\Users\tount\IdeaProjects\spring-graphql\target\classes started by tount in C:\Users\tount\IdeaProjects\spring-graphql)
2024-03-01 20:08:06,147 DEBUG org.springframework.boot.StartupInfoLogger [main] Running with Spring Boot v3.2.2, Spring v6.1.3
2024-03-01 20:08:06,151 INFO org.springframework.boot.SpringApplication [main] No active profile set, falling back to 1 default profile: "default"
2024-03-01 20:08:08,309 INFO org.springframework.data.repository.config.RepositoryConfigurationDelegate [main] Bootstrapping Spring Data JPA repositories in DEFAULT mode.
2024-03-01 20:08:08,715 INFO org.springframework.data.repository.config.RepositoryConfigurationDelegate [main] Finished Spring Data repository scanning in 382 ms. Found 2 JPA repository interfaces.
2024-03-01 20:08:10,573 INFO org.springframework.boot.web.embedded.tomcat.TomcatWebServer [main] Tomcat initialized with port 9080 (http)
2024-03-01 20:08:10,601 INFO org.apache.juli.logging.DirectJDKLog [main] Initializing ProtocolHandler ["http-nio-9080"]
2024-03-01 20:08:10,608 INFO org.apache.juli.logging.DirectJDKLog [main] Starting service [Tomcat]
2024-03-01 20:08:10,609 INFO org.apache.juli.logging.DirectJDKLog [main] Starting Servlet engine: [Apache Tomcat/10.1.18]
2024-03-01 20:08:11,059 INFO org.apache.juli.logging.DirectJDKLog [main] Initializing Spring embedded WebApplicationContext
2024-03-01 20:08:11,064 INFO org.springframework.boot.web.servlet.context.ServletWebServerApplicationContext [main] Root WebApplicationContext: initialization completed in 4605 ms
2024-03-01 20:08:11,189 INFO com.zaxxer.hikari.HikariDataSource [main] HikariPool-1 - Starting...
2024-03-01 20:08:11,952 INFO com.zaxxer.hikari.pool.HikariPool [main] HikariPool-1 - Added connection conn0: url=jdbc:h2:mem:store_db user=SA
2024-03-01 20:08:11,957 INFO com.zaxxer.hikari.HikariDataSource [main] HikariPool-1 - Start completed.
2024-03-01 20:08:11,988 INFO org.springframework.boot.autoconfigure.h2.H2ConsoleAutoConfiguration [main] H2 console available at '/h2-console'. Database available at 'jdbc:h2:mem:store_db'
2024-03-01 20:08:12,409 INFO org.hibernate.jpa.internal.util.LogHelper [main] HHH000204: Processing PersistenceUnitInfo [name: default]
2024-03-01 20:08:12,672 INFO org.hibernate.Version [main] HHH000412: Hibernate ORM core version 6.4.1.Final
2024-03-01 20:08:12,808 INFO org.hibernate.cache.internal.RegionFactoryInitiator [main] HHH000026: Second-level cache disabled
2024-03-01 20:08:13,811 INFO org.springframework.orm.jpa.persistenceunit.SpringPersistenceUnitInfo [main] No LoadTimeWeaver setup: ignoring JPA class transformer
2024-03-01 20:08:13,984 WARN org.hibernate.engine.jdbc.dialect.internal.DialectFactoryImpl [main] HHH90000025: H2Dialect does not need to be specified explicitly using 'hibernate.dialect' (remove the property setting and it will be selected by default)
2024-03-01 20:08:16,314 INFO org.hibernate.engine.transaction.jta.platform.internal.JtaPlatformInitiator [main] HHH000489: No JTA platform available (set 'hibernate.transaction.jta.platform' to enable JTA platform integration)
2024-03-01 20:08:16,434 INFO org.springframework.orm.jpa.AbstractEntityManagerFactoryBean [main] Initialized JPA EntityManagerFactory for persistence unit 'default'
2024-03-01 20:08:17,121 INFO org.springframework.data.jpa.repository.query.QueryEnhancerFactory [main] Hibernate is in classpath; If applicable, HQL parser will be used.
2024-03-01 20:08:17,478 WARN org.springframework.boot.autoconfigure.orm.jpa.JpaBaseConfiguration$JpaWebConfiguration [main] spring.jpa.open-in-view is enabled by default. Therefore, database queries may be performed during view rendering. Explicitly configure spring.jpa.open-in-view to disable this warning
2024-03-01 20:08:18,358 INFO org.springframework.graphql.execution.DefaultSchemaResourceGraphQlSourceBuilder [main] Loaded 1 resource(s) in the GraphQL schema.
2024-03-01 20:08:18,892 INFO org.springframework.graphql.execution.DefaultSchemaResourceGraphQlSourceBuilder [main] GraphQL schema inspection:
	Unmapped fields: {}
	Unmapped registrations: {}
	Skipped types: []
2024-03-01 20:08:18,927 INFO org.springframework.boot.autoconfigure.graphql.servlet.GraphQlWebMvcAutoConfiguration [main] GraphQL endpoint HTTP POST /graphql
2024-03-01 20:08:19,350 INFO org.apache.juli.logging.DirectJDKLog [main] Starting ProtocolHandler ["http-nio-9080"]
2024-03-01 20:08:19,408 INFO org.springframework.boot.web.embedded.tomcat.TomcatWebServer [main] Tomcat started on port 9080 (http) with context path ''
2024-03-01 20:08:19,427 INFO org.springframework.boot.StartupInfoLogger [main] Started SpringGraphqlApplication in 15.052 seconds (process running for 16.437)
2024-03-01 20:41:21,237 INFO org.springframework.orm.jpa.AbstractEntityManagerFactoryBean [SpringApplicationShutdownHook] Closing JPA EntityManagerFactory for persistence unit 'default'
2024-03-01 20:41:21,255 INFO com.zaxxer.hikari.HikariDataSource [SpringApplicationShutdownHook] HikariPool-1 - Shutdown initiated...
2024-03-01 20:41:21,272 INFO com.zaxxer.hikari.HikariDataSource [SpringApplicationShutdownHook] HikariPool-1 - Shutdown completed.
2024-03-01 20:41:26,378 INFO org.springframework.boot.StartupInfoLogger [main] Starting SpringGraphqlApplication using Java 17.0.10 with PID 16820 (C:\Users\tount\IdeaProjects\spring-graphql\target\classes started by tount in C:\Users\tount\IdeaProjects\spring-graphql)
2024-03-01 20:41:26,386 DEBUG org.springframework.boot.StartupInfoLogger [main] Running with Spring Boot v3.2.2, Spring v6.1.3
2024-03-01 20:41:26,388 INFO org.springframework.boot.SpringApplication [main] No active profile set, falling back to 1 default profile: "default"
2024-03-01 20:41:39,350 INFO org.springframework.boot.StartupInfoLogger [main] Started SpringGraphqlApplication in 14.763 seconds (process running for 16.375)
2024-03-01 20:42:49,222 DEBUG com.gofar.graphql.controller.AuthorController [http-nio-9080-exec-1] Search authors with properties {email=, name=Litt Tates, nationality=Togolese}
2024-03-01 20:43:44,639 INFO org.springframework.boot.StartupInfoLogger [main] Starting SpringGraphqlApplication using Java 17.0.10 with PID 3104 (C:\Users\tount\IdeaProjects\spring-graphql\target\classes started by tount in C:\Users\tount\IdeaProjects\spring-graphql)
2024-03-01 20:43:44,646 DEBUG org.springframework.boot.StartupInfoLogger [main] Running with Spring Boot v3.2.2, Spring v6.1.3
2024-03-01 20:43:44,649 INFO org.springframework.boot.SpringApplication [main] No active profile set, falling back to 1 default profile: "default"
2024-03-01 20:43:56,534 INFO org.springframework.boot.StartupInfoLogger [main] Started SpringGraphqlApplication in 13.662 seconds (process running for 15.11)
